[35m[1mScanning dependencies of target geometry_msgs_generate_messages_nodejs[0m
[  0%] Built target geometry_msgs_generate_messages_nodejs
[35m[1mScanning dependencies of target _uwb_simulator_generate_messages_check_deps_UWBDistanceArray[0m
[35m[1mScanning dependencies of target std_msgs_generate_messages_nodejs[0m
[35m[1mScanning dependencies of target _uwb_simulator_generate_messages_check_deps_UWBDistance[0m
[  0%] Built target std_msgs_generate_messages_nodejs
[35m[1mScanning dependencies of target std_msgs_generate_messages_eus[0m
[  0%] Built target _uwb_simulator_generate_messages_check_deps_UWBDistanceArray
[35m[1mScanning dependencies of target geometry_msgs_generate_messages_eus[0m
[  0%] Built target _uwb_simulator_generate_messages_check_deps_UWBDistance
[  0%] Built target std_msgs_generate_messages_eus
[  0%] Built target geometry_msgs_generate_messages_eus
[35m[1mScanning dependencies of target geometry_msgs_generate_messages_py[0m
[35m[1mScanning dependencies of target std_msgs_generate_messages_cpp[0m
[35m[1mScanning dependencies of target std_msgs_generate_messages_py[0m
[  0%] Built target geometry_msgs_generate_messages_py
[  0%] Built target std_msgs_generate_messages_cpp
[  0%] Built target std_msgs_generate_messages_py
[35m[1mScanning dependencies of target geometry_msgs_generate_messages_cpp[0m
[35m[1mScanning dependencies of target std_msgs_generate_messages_lisp[0m
[35m[1mScanning dependencies of target geometry_msgs_generate_messages_lisp[0m
[  0%] Built target std_msgs_generate_messages_lisp
[  0%] Built target geometry_msgs_generate_messages_cpp
[  0%] Built target geometry_msgs_generate_messages_lisp
[35m[1mScanning dependencies of target uwb_simulator_generate_messages_nodejs[0m
[35m[1mScanning dependencies of target uwb_simulator_generate_messages_eus[0m
[  8%] [34m[1mGenerating Javascript code from uwb_simulator/UWBDistance.msg[0m
[ 16%] [34m[1mGenerating EusLisp code from uwb_simulator/UWBDistance.msg[0m
[35m[1mScanning dependencies of target uwb_simulator_generate_messages_py[0m
[ 25%] [34m[1mGenerating EusLisp code from uwb_simulator/UWBDistanceArray.msg[0m
[ 33%] [34m[1mGenerating Javascript code from uwb_simulator/UWBDistanceArray.msg[0m
[35m[1mScanning dependencies of target uwb_simulator_generate_messages_cpp[0m
[ 41%] [34m[1mGenerating Python from MSG uwb_simulator/UWBDistance[0m
[35m[1mScanning dependencies of target uwb_simulator_generate_messages_lisp[0m
[ 58%] [34m[1mGenerating Python from MSG uwb_simulator/UWBDistanceArray[0m
[ 58%] [34m[1mGenerating C++ code from uwb_simulator/UWBDistance.msg[0m
[ 66%] [34m[1mGenerating Lisp code from uwb_simulator/UWBDistance.msg[0m
[ 75%] [34m[1mGenerating EusLisp manifest code for uwb_simulator[0m
[ 75%] Built target uwb_simulator_generate_messages_nodejs
[ 83%] [34m[1mGenerating Lisp code from uwb_simulator/UWBDistanceArray.msg[0m
[ 91%] [34m[1mGenerating C++ code from uwb_simulator/UWBDistanceArray.msg[0m
[ 91%] Built target uwb_simulator_generate_messages_lisp
WARNING: Package name "paperRL" does not follow the naming conventions. It should start with a lower case letter and only contain lower case letters, digits, underscores, and dashes.
[100%] [34m[1mGenerating Python msg __init__.py for uwb_simulator[0m
[100%] Built target uwb_simulator_generate_messages_cpp
WARNING: Package name "paperRL" does not follow the naming conventions. It should start with a lower case letter and only contain lower case letters, digits, underscores, and dashes.
[100%] Built target uwb_simulator_generate_messages_py
[100%] Built target uwb_simulator_generate_messages_eus
[35m[1mScanning dependencies of target uwb_simulator_generate_messages[0m
[100%] Built target uwb_simulator_generate_messages
