Linked: (/home/leiyifei/land_ws/devel/.private/uwb_simulator/share/uwb_simulator/cmake/uwb_simulator-msg-extras.cmake, /home/leiyifei/land_ws/devel/share/uwb_simulator/cmake/uwb_simulator-msg-extras.cmake)
Linked: (/home/leiyifei/land_ws/devel/.private/uwb_simulator/share/uwb_simulator/cmake/uwb_simulator-msg-paths.cmake, /home/leiyifei/land_ws/devel/share/uwb_simulator/cmake/uwb_simulator-msg-paths.cmake)
Linked: (/home/leiyifei/land_ws/devel/.private/uwb_simulator/share/uwb_simulator/cmake/uwb_simulatorConfig.cmake, /home/leiyifei/land_ws/devel/share/uwb_simulator/cmake/uwb_simulatorConfig.cmake)
Linked: (/home/leiyifei/land_ws/devel/.private/uwb_simulator/share/uwb_simulator/cmake/uwb_simulatorConfig-version.cmake, /home/leiyifei/land_ws/devel/share/uwb_simulator/cmake/uwb_simulatorConfig-version.cmake)
Linked: (/home/leiyifei/land_ws/devel/.private/uwb_simulator/share/gennodejs/ros/uwb_simulator/_index.js, /home/leiyifei/land_ws/devel/share/gennodejs/ros/uwb_simulator/_index.js)
Linked: (/home/leiyifei/land_ws/devel/.private/uwb_simulator/share/gennodejs/ros/uwb_simulator/msg/UWBDistanceArray.js, /home/leiyifei/land_ws/devel/share/gennodejs/ros/uwb_simulator/msg/UWBDistanceArray.js)
Linked: (/home/leiyifei/land_ws/devel/.private/uwb_simulator/share/gennodejs/ros/uwb_simulator/msg/UWBDistance.js, /home/leiyifei/land_ws/devel/share/gennodejs/ros/uwb_simulator/msg/UWBDistance.js)
Linked: (/home/leiyifei/land_ws/devel/.private/uwb_simulator/share/gennodejs/ros/uwb_simulator/msg/_index.js, /home/leiyifei/land_ws/devel/share/gennodejs/ros/uwb_simulator/msg/_index.js)
Linked: (/home/leiyifei/land_ws/devel/.private/uwb_simulator/share/common-lisp/ros/uwb_simulator/msg/_package_UWBDistance.lisp, /home/leiyifei/land_ws/devel/share/common-lisp/ros/uwb_simulator/msg/_package_UWBDistance.lisp)
Linked: (/home/leiyifei/land_ws/devel/.private/uwb_simulator/share/common-lisp/ros/uwb_simulator/msg/UWBDistanceArray.lisp, /home/leiyifei/land_ws/devel/share/common-lisp/ros/uwb_simulator/msg/UWBDistanceArray.lisp)
Linked: (/home/leiyifei/land_ws/devel/.private/uwb_simulator/share/common-lisp/ros/uwb_simulator/msg/_package_UWBDistanceArray.lisp, /home/leiyifei/land_ws/devel/share/common-lisp/ros/uwb_simulator/msg/_package_UWBDistanceArray.lisp)
Linked: (/home/leiyifei/land_ws/devel/.private/uwb_simulator/share/common-lisp/ros/uwb_simulator/msg/_package.lisp, /home/leiyifei/land_ws/devel/share/common-lisp/ros/uwb_simulator/msg/_package.lisp)
Linked: (/home/leiyifei/land_ws/devel/.private/uwb_simulator/share/common-lisp/ros/uwb_simulator/msg/UWBDistance.lisp, /home/leiyifei/land_ws/devel/share/common-lisp/ros/uwb_simulator/msg/UWBDistance.lisp)
Linked: (/home/leiyifei/land_ws/devel/.private/uwb_simulator/share/common-lisp/ros/uwb_simulator/msg/uwb_simulator-msg.asd, /home/leiyifei/land_ws/devel/share/common-lisp/ros/uwb_simulator/msg/uwb_simulator-msg.asd)
Linked: (/home/leiyifei/land_ws/devel/.private/uwb_simulator/share/roseus/ros/uwb_simulator/manifest.l, /home/leiyifei/land_ws/devel/share/roseus/ros/uwb_simulator/manifest.l)
Linked: (/home/leiyifei/land_ws/devel/.private/uwb_simulator/share/roseus/ros/uwb_simulator/msg/UWBDistanceArray.l, /home/leiyifei/land_ws/devel/share/roseus/ros/uwb_simulator/msg/UWBDistanceArray.l)
Linked: (/home/leiyifei/land_ws/devel/.private/uwb_simulator/share/roseus/ros/uwb_simulator/msg/UWBDistance.l, /home/leiyifei/land_ws/devel/share/roseus/ros/uwb_simulator/msg/UWBDistance.l)
Linked: (/home/leiyifei/land_ws/devel/.private/uwb_simulator/include/uwb_simulator/UWBDistance.h, /home/leiyifei/land_ws/devel/include/uwb_simulator/UWBDistance.h)
Linked: (/home/leiyifei/land_ws/devel/.private/uwb_simulator/include/uwb_simulator/UWBDistanceArray.h, /home/leiyifei/land_ws/devel/include/uwb_simulator/UWBDistanceArray.h)
Linked: (/home/leiyifei/land_ws/devel/.private/uwb_simulator/lib/python3/dist-packages/uwb_simulator/__init__.py, /home/leiyifei/land_ws/devel/lib/python3/dist-packages/uwb_simulator/__init__.py)
Linked: (/home/leiyifei/land_ws/devel/.private/uwb_simulator/lib/python3/dist-packages/uwb_simulator/msg/_UWBDistance.py, /home/leiyifei/land_ws/devel/lib/python3/dist-packages/uwb_simulator/msg/_UWBDistance.py)
Linked: (/home/leiyifei/land_ws/devel/.private/uwb_simulator/lib/python3/dist-packages/uwb_simulator/msg/__init__.py, /home/leiyifei/land_ws/devel/lib/python3/dist-packages/uwb_simulator/msg/__init__.py)
Linked: (/home/leiyifei/land_ws/devel/.private/uwb_simulator/lib/python3/dist-packages/uwb_simulator/msg/_UWBDistanceArray.py, /home/leiyifei/land_ws/devel/lib/python3/dist-packages/uwb_simulator/msg/_UWBDistanceArray.py)
Linked: (/home/leiyifei/land_ws/devel/.private/uwb_simulator/lib/uwb_simulator/cmake.lock, /home/leiyifei/land_ws/devel/lib/uwb_simulator/cmake.lock)
Linked: (/home/leiyifei/land_ws/devel/.private/uwb_simulator/lib/uwb_simulator/uwb_monitor.py, /home/leiyifei/land_ws/devel/lib/uwb_simulator/uwb_monitor.py)
Linked: (/home/leiyifei/land_ws/devel/.private/uwb_simulator/lib/pkgconfig/uwb_simulator.pc, /home/leiyifei/land_ws/devel/lib/pkgconfig/uwb_simulator.pc)
