Symlinking /home/leiyifei/land_ws/devel/share/uwb_simulator/cmake/uwb_simulator-msg-extras.cmake
Symlinking /home/leiyifei/land_ws/devel/share/uwb_simulator/cmake/uwb_simulator-msg-paths.cmake
Symlinking /home/leiyifei/land_ws/devel/share/uwb_simulator/cmake/uwb_simulatorConfig.cmake
Symlinking /home/leiyifei/land_ws/devel/share/uwb_simulator/cmake/uwb_simulatorConfig-version.cmake
Symlinking /home/leiyifei/land_ws/devel/share/gennodejs/ros/uwb_simulator/_index.js
Symlinking /home/leiyifei/land_ws/devel/share/gennodejs/ros/uwb_simulator/msg/UWBDistanceArray.js
Symlinking /home/leiyifei/land_ws/devel/share/gennodejs/ros/uwb_simulator/msg/UWBDistance.js
Symlinking /home/leiyifei/land_ws/devel/share/gennodejs/ros/uwb_simulator/msg/_index.js
Symlinking /home/leiyifei/land_ws/devel/share/common-lisp/ros/uwb_simulator/msg/_package_UWBDistance.lisp
Symlinking /home/leiyifei/land_ws/devel/share/common-lisp/ros/uwb_simulator/msg/UWBDistanceArray.lisp
Symlinking /home/leiyifei/land_ws/devel/share/common-lisp/ros/uwb_simulator/msg/_package_UWBDistanceArray.lisp
Symlinking /home/leiyifei/land_ws/devel/share/common-lisp/ros/uwb_simulator/msg/_package.lisp
Symlinking /home/leiyifei/land_ws/devel/share/common-lisp/ros/uwb_simulator/msg/UWBDistance.lisp
Symlinking /home/leiyifei/land_ws/devel/share/common-lisp/ros/uwb_simulator/msg/uwb_simulator-msg.asd
Symlinking /home/leiyifei/land_ws/devel/share/roseus/ros/uwb_simulator/manifest.l
Symlinking /home/leiyifei/land_ws/devel/share/roseus/ros/uwb_simulator/msg/UWBDistanceArray.l
Symlinking /home/leiyifei/land_ws/devel/share/roseus/ros/uwb_simulator/msg/UWBDistance.l
Symlinking /home/leiyifei/land_ws/devel/include/uwb_simulator/UWBDistance.h
Symlinking /home/leiyifei/land_ws/devel/include/uwb_simulator/UWBDistanceArray.h
Symlinking /home/leiyifei/land_ws/devel/lib/python3/dist-packages/uwb_simulator/__init__.py
Symlinking /home/leiyifei/land_ws/devel/lib/python3/dist-packages/uwb_simulator/msg/_UWBDistance.py
Symlinking /home/leiyifei/land_ws/devel/lib/python3/dist-packages/uwb_simulator/msg/__init__.py
Symlinking /home/leiyifei/land_ws/devel/lib/python3/dist-packages/uwb_simulator/msg/_UWBDistanceArray.py
Symlinking /home/leiyifei/land_ws/devel/lib/uwb_simulator/cmake.lock
Symlinking /home/leiyifei/land_ws/devel/lib/uwb_simulator/uwb_monitor.py
Symlinking /home/leiyifei/land_ws/devel/lib/pkgconfig/uwb_simulator.pc
