Linked: (/home/leiyifei/land_ws/devel/.private/sicktoolbox/share/sicktoolbox/cmake/sicktoolboxConfig-version.cmake, /home/leiyifei/land_ws/devel/share/sicktoolbox/cmake/sicktoolboxConfig-version.cmake)
Linked: (/home/leiyifei/land_ws/devel/.private/sicktoolbox/share/sicktoolbox/cmake/sicktoolboxConfig.cmake, /home/leiyifei/land_ws/devel/share/sicktoolbox/cmake/sicktoolboxConfig.cmake)
Linked: (/home/leiyifei/land_ws/devel/.private/sicktoolbox/lib/libSickLD.so, /home/leiyifei/land_ws/devel/lib/libSickLD.so)
Linked: (/home/leiyifei/land_ws/devel/.private/sicktoolbox/lib/libSickLMS2xx.so, /home/leiyifei/land_ws/devel/lib/libSickLMS2xx.so)
Linked: (/home/leiyifei/land_ws/devel/.private/sicktoolbox/lib/libSickLMS1xx.so, /home/leiyifei/land_ws/devel/lib/libSickLMS1xx.so)
Linked: (/home/leiyifei/land_ws/devel/.private/sicktoolbox/lib/libLDConfigLib.so, /home/leiyifei/land_ws/devel/lib/libLDConfigLib.so)
Linked: (/home/leiyifei/land_ws/devel/.private/sicktoolbox/lib/sicktoolbox/ld_single_sector, /home/leiyifei/land_ws/devel/lib/sicktoolbox/ld_single_sector)
Linked: (/home/leiyifei/land_ws/devel/.private/sicktoolbox/lib/sicktoolbox/lms2xx_partial_scan, /home/leiyifei/land_ws/devel/lib/sicktoolbox/lms2xx_partial_scan)
Linked: (/home/leiyifei/land_ws/devel/.private/sicktoolbox/lib/sicktoolbox/ld_more_config, /home/leiyifei/land_ws/devel/lib/sicktoolbox/ld_more_config)
Linked: (/home/leiyifei/land_ws/devel/.private/sicktoolbox/lib/sicktoolbox/lms2xx_mean_values, /home/leiyifei/land_ws/devel/lib/sicktoolbox/lms2xx_mean_values)
Linked: (/home/leiyifei/land_ws/devel/.private/sicktoolbox/lib/sicktoolbox/lms1xx_simple_app, /home/leiyifei/land_ws/devel/lib/sicktoolbox/lms1xx_simple_app)
Linked: (/home/leiyifei/land_ws/devel/.private/sicktoolbox/lib/sicktoolbox/ld_multi_sector, /home/leiyifei/land_ws/devel/lib/sicktoolbox/ld_multi_sector)
Linked: (/home/leiyifei/land_ws/devel/.private/sicktoolbox/lib/sicktoolbox/lms2xx_real_time_indices, /home/leiyifei/land_ws/devel/lib/sicktoolbox/lms2xx_real_time_indices)
Linked: (/home/leiyifei/land_ws/devel/.private/sicktoolbox/lib/sicktoolbox/lms2xx_simple_app, /home/leiyifei/land_ws/devel/lib/sicktoolbox/lms2xx_simple_app)
Linked: (/home/leiyifei/land_ws/devel/.private/sicktoolbox/lib/sicktoolbox/ld_config, /home/leiyifei/land_ws/devel/lib/sicktoolbox/ld_config)
Linked: (/home/leiyifei/land_ws/devel/.private/sicktoolbox/lib/sicktoolbox/lms2xx_stream_range_and_reflect, /home/leiyifei/land_ws/devel/lib/sicktoolbox/lms2xx_stream_range_and_reflect)
Linked: (/home/leiyifei/land_ws/devel/.private/sicktoolbox/lib/sicktoolbox/lms2xx_set_variant, /home/leiyifei/land_ws/devel/lib/sicktoolbox/lms2xx_set_variant)
Linked: (/home/leiyifei/land_ws/devel/.private/sicktoolbox/lib/sicktoolbox/lms2xx_subrange, /home/leiyifei/land_ws/devel/lib/sicktoolbox/lms2xx_subrange)
Linked: (/home/leiyifei/land_ws/devel/.private/sicktoolbox/lib/sicktoolbox/lms2xx_config, /home/leiyifei/land_ws/devel/lib/sicktoolbox/lms2xx_config)
Linked: (/home/leiyifei/land_ws/devel/.private/sicktoolbox/lib/pkgconfig/sicktoolbox.pc, /home/leiyifei/land_ws/devel/lib/pkgconfig/sicktoolbox.pc)
