Symlinking /home/leiyifei/land_ws/devel/share/sicktoolbox/cmake/sicktoolboxConfig-version.cmake
Symlinking /home/leiyifei/land_ws/devel/share/sicktoolbox/cmake/sicktoolboxConfig.cmake
Symlinking /home/leiyifei/land_ws/devel/lib/libSickLD.so
Symlinking /home/leiyifei/land_ws/devel/lib/libSickLMS2xx.so
Symlinking /home/leiyifei/land_ws/devel/lib/libSickLMS1xx.so
Symlinking /home/leiyifei/land_ws/devel/lib/libLDConfigLib.so
Symlinking /home/leiyifei/land_ws/devel/lib/sicktoolbox/ld_single_sector
Symlinking /home/leiyifei/land_ws/devel/lib/sicktoolbox/lms2xx_partial_scan
Symlinking /home/leiyifei/land_ws/devel/lib/sicktoolbox/ld_more_config
Symlinking /home/leiyifei/land_ws/devel/lib/sicktoolbox/lms2xx_mean_values
Symlinking /home/leiyifei/land_ws/devel/lib/sicktoolbox/lms1xx_simple_app
Symlinking /home/leiyifei/land_ws/devel/lib/sicktoolbox/ld_multi_sector
Symlinking /home/leiyifei/land_ws/devel/lib/sicktoolbox/lms2xx_real_time_indices
Symlinking /home/leiyifei/land_ws/devel/lib/sicktoolbox/lms2xx_simple_app
Symlinking /home/leiyifei/land_ws/devel/lib/sicktoolbox/ld_config
Symlinking /home/leiyifei/land_ws/devel/lib/sicktoolbox/lms2xx_stream_range_and_reflect
Symlinking /home/leiyifei/land_ws/devel/lib/sicktoolbox/lms2xx_set_variant
Symlinking /home/leiyifei/land_ws/devel/lib/sicktoolbox/lms2xx_subrange
Symlinking /home/leiyifei/land_ws/devel/lib/sicktoolbox/lms2xx_config
Symlinking /home/leiyifei/land_ws/devel/lib/pkgconfig/sicktoolbox.pc
