Symlinking /home/leiyifei/land_ws/devel/share/lstm_land/cmake/lstm_land-msg-extras.cmake
Linked: (/home/leiyifei/land_ws/devel/.private/lstm_land/share/lstm_land/cmake/lstm_landConfig.cmake, /home/leiyifei/land_ws/devel/share/lstm_land/cmake/lstm_landConfig.cmake)
Linked: (/home/leiyifei/land_ws/devel/.private/lstm_land/share/lstm_land/cmake/lstm_landConfig-version.cmake, /home/leiyifei/land_ws/devel/share/lstm_land/cmake/lstm_landConfig-version.cmake)
Symlinking /home/leiyifei/land_ws/devel/share/lstm_land/cmake/lstm_land-msg-paths.cmake
Symlinking /home/leiyifei/land_ws/devel/share/gennodejs/ros/lstm_land/_index.js
Symlinking /home/leiyifei/land_ws/devel/share/gennodejs/ros/lstm_land/msg/Observation.js
Symlinking /home/leiyifei/land_ws/devel/share/gennodejs/ros/lstm_land/msg/_index.js
Symlinking /home/leiyifei/land_ws/devel/share/common-lisp/ros/lstm_land/msg/_package_Observation.lisp
Symlinking /home/leiyifei/land_ws/devel/share/common-lisp/ros/lstm_land/msg/lstm_land-msg.asd
Symlinking /home/leiyifei/land_ws/devel/share/common-lisp/ros/lstm_land/msg/_package.lisp
Symlinking /home/leiyifei/land_ws/devel/share/common-lisp/ros/lstm_land/msg/Observation.lisp
Symlinking /home/leiyifei/land_ws/devel/share/roseus/ros/lstm_land/manifest.l
Symlinking /home/leiyifei/land_ws/devel/share/roseus/ros/lstm_land/msg/Observation.l
Symlinking /home/leiyifei/land_ws/devel/include/lstm_land/Observation.h
Symlinking /home/leiyifei/land_ws/devel/lib/python3/dist-packages/lstm_land/__init__.py
Symlinking /home/leiyifei/land_ws/devel/lib/python3/dist-packages/lstm_land/msg/_Observation.py
Symlinking /home/leiyifei/land_ws/devel/lib/python3/dist-packages/lstm_land/msg/__init__.py
Symlinking /home/leiyifei/land_ws/devel/lib/lstm_land/cmake.lock
Symlinking /home/leiyifei/land_ws/devel/lib/lstm_land/uav_control.py
Linked: (/home/leiyifei/land_ws/devel/.private/lstm_land/lib/pkgconfig/lstm_land.pc, /home/leiyifei/land_ws/devel/lib/pkgconfig/lstm_land.pc)
