[35m[1mScanning dependencies of target mavros_msgs_generate_messages_nodejs[0m
[35m[1mScanning dependencies of target geometry_msgs_generate_messages_eus[0m
[35m[1mScanning dependencies of target std_msgs_generate_messages_py[0m
[35m[1mScanning dependencies of target std_msgs_generate_messages_eus[0m
[35m[1mScanning dependencies of target _lstm_land_generate_messages_check_deps_Observation[0m
[35m[1mScanning dependencies of target std_msgs_generate_messages_lisp[0m
[35m[1mScanning dependencies of target mavros_msgs_generate_messages_py[0m
[35m[1mScanning dependencies of target std_msgs_generate_messages_nodejs[0m
[35m[1mScanning dependencies of target geometry_msgs_generate_messages_nodejs[0m
[35m[1mScanning dependencies of target geometry_msgs_generate_messages_py[0m
[35m[1mScanning dependencies of target mavros_msgs_generate_messages_lisp[0m
[35m[1mScanning dependencies of target std_msgs_generate_messages_cpp[0m
[35m[1mScanning dependencies of target geometry_msgs_generate_messages_cpp[0m
[35m[1mScanning dependencies of target geometry_msgs_generate_messages_lisp[0m
[  0%] Built target std_msgs_generate_messages_py
[35m[1mScanning dependencies of target mavros_msgs_generate_messages_cpp[0m
[35m[1mScanning dependencies of target mavros_msgs_generate_messages_eus[0m
[  0%] Built target std_msgs_generate_messages_eus
[  0%] Built target mavros_msgs_generate_messages_py
[  0%] Built target geometry_msgs_generate_messages_eus
[  0%] Built target std_msgs_generate_messages_lisp
[  0%] Built target geometry_msgs_generate_messages_cpp
[  0%] Built target std_msgs_generate_messages_nodejs
[  0%] Built target mavros_msgs_generate_messages_nodejs
[  0%] Built target geometry_msgs_generate_messages_nodejs
[  0%] Built target geometry_msgs_generate_messages_py
[  0%] Built target std_msgs_generate_messages_cpp
[  0%] Built target mavros_msgs_generate_messages_lisp
[  0%] Built target geometry_msgs_generate_messages_lisp
[  0%] Built target mavros_msgs_generate_messages_eus
[  0%] Built target mavros_msgs_generate_messages_cpp
[  0%] Built target _lstm_land_generate_messages_check_deps_Observation
[35m[1mScanning dependencies of target lstm_land_generate_messages_eus[0m
[35m[1mScanning dependencies of target lstm_land_generate_messages_py[0m
[35m[1mScanning dependencies of target lstm_land_generate_messages_nodejs[0m
[35m[1mScanning dependencies of target lstm_land_generate_messages_cpp[0m
[35m[1mScanning dependencies of target lstm_land_generate_messages_lisp[0m
[ 42%] [34m[1mGenerating EusLisp code from lstm_land/Observation.msg[0m
[ 42%] [34m[1mGenerating C++ code from lstm_land/Observation.msg[0m
[ 42%] [34m[1mGenerating Python from MSG lstm_land/Observation[0m
[ 71%] [34m[1mGenerating Lisp code from lstm_land/Observation.msg[0m
[ 71%] [34m[1mGenerating Javascript code from lstm_land/Observation.msg[0m
[ 85%] [34m[1mGenerating EusLisp manifest code for lstm_land[0m
[ 85%] Built target lstm_land_generate_messages_nodejs
[ 85%] Built target lstm_land_generate_messages_lisp
WARNING: Package name "paperRL" does not follow the naming conventions. It should start with a lower case letter and only contain lower case letters, digits, underscores, and dashes.
[ 85%] Built target lstm_land_generate_messages_cpp
[100%] [34m[1mGenerating Python msg __init__.py for lstm_land[0m
WARNING: Package name "paperRL" does not follow the naming conventions. It should start with a lower case letter and only contain lower case letters, digits, underscores, and dashes.
[100%] Built target lstm_land_generate_messages_py
[100%] Built target lstm_land_generate_messages_eus
[35m[1mScanning dependencies of target lstm_land_generate_messages[0m
[100%] Built target lstm_land_generate_messages
