Linked: (/home/leiyifei/land_ws/devel/.private/lstm_land/share/lstm_land/cmake/lstm_land-msg-extras.cmake, /home/leiyifei/land_ws/devel/share/lstm_land/cmake/lstm_land-msg-extras.cmake)
Linked: (/home/leiyifei/land_ws/devel/.private/lstm_land/share/lstm_land/cmake/lstm_landConfig.cmake, /home/leiyifei/land_ws/devel/share/lstm_land/cmake/lstm_landConfig.cmake)
Linked: (/home/leiyifei/land_ws/devel/.private/lstm_land/share/lstm_land/cmake/lstm_landConfig-version.cmake, /home/leiyifei/land_ws/devel/share/lstm_land/cmake/lstm_landConfig-version.cmake)
Linked: (/home/leiyifei/land_ws/devel/.private/lstm_land/share/lstm_land/cmake/lstm_land-msg-paths.cmake, /home/leiyifei/land_ws/devel/share/lstm_land/cmake/lstm_land-msg-paths.cmake)
Linked: (/home/leiyifei/land_ws/devel/.private/lstm_land/share/gennodejs/ros/lstm_land/_index.js, /home/leiyifei/land_ws/devel/share/gennodejs/ros/lstm_land/_index.js)
Linked: (/home/leiyifei/land_ws/devel/.private/lstm_land/share/gennodejs/ros/lstm_land/msg/Observation.js, /home/leiyifei/land_ws/devel/share/gennodejs/ros/lstm_land/msg/Observation.js)
Linked: (/home/leiyifei/land_ws/devel/.private/lstm_land/share/gennodejs/ros/lstm_land/msg/_index.js, /home/leiyifei/land_ws/devel/share/gennodejs/ros/lstm_land/msg/_index.js)
Linked: (/home/leiyifei/land_ws/devel/.private/lstm_land/share/common-lisp/ros/lstm_land/msg/_package_Observation.lisp, /home/leiyifei/land_ws/devel/share/common-lisp/ros/lstm_land/msg/_package_Observation.lisp)
Linked: (/home/leiyifei/land_ws/devel/.private/lstm_land/share/common-lisp/ros/lstm_land/msg/lstm_land-msg.asd, /home/leiyifei/land_ws/devel/share/common-lisp/ros/lstm_land/msg/lstm_land-msg.asd)
Linked: (/home/leiyifei/land_ws/devel/.private/lstm_land/share/common-lisp/ros/lstm_land/msg/_package.lisp, /home/leiyifei/land_ws/devel/share/common-lisp/ros/lstm_land/msg/_package.lisp)
Linked: (/home/leiyifei/land_ws/devel/.private/lstm_land/share/common-lisp/ros/lstm_land/msg/Observation.lisp, /home/leiyifei/land_ws/devel/share/common-lisp/ros/lstm_land/msg/Observation.lisp)
Linked: (/home/leiyifei/land_ws/devel/.private/lstm_land/share/roseus/ros/lstm_land/manifest.l, /home/leiyifei/land_ws/devel/share/roseus/ros/lstm_land/manifest.l)
Linked: (/home/leiyifei/land_ws/devel/.private/lstm_land/share/roseus/ros/lstm_land/msg/Observation.l, /home/leiyifei/land_ws/devel/share/roseus/ros/lstm_land/msg/Observation.l)
Linked: (/home/leiyifei/land_ws/devel/.private/lstm_land/include/lstm_land/Observation.h, /home/leiyifei/land_ws/devel/include/lstm_land/Observation.h)
Linked: (/home/leiyifei/land_ws/devel/.private/lstm_land/lib/python3/dist-packages/lstm_land/__init__.py, /home/leiyifei/land_ws/devel/lib/python3/dist-packages/lstm_land/__init__.py)
Linked: (/home/leiyifei/land_ws/devel/.private/lstm_land/lib/python3/dist-packages/lstm_land/msg/_Observation.py, /home/leiyifei/land_ws/devel/lib/python3/dist-packages/lstm_land/msg/_Observation.py)
Linked: (/home/leiyifei/land_ws/devel/.private/lstm_land/lib/python3/dist-packages/lstm_land/msg/__init__.py, /home/leiyifei/land_ws/devel/lib/python3/dist-packages/lstm_land/msg/__init__.py)
Linked: (/home/leiyifei/land_ws/devel/.private/lstm_land/lib/lstm_land/cmake.lock, /home/leiyifei/land_ws/devel/lib/lstm_land/cmake.lock)
Linked: (/home/leiyifei/land_ws/devel/.private/lstm_land/lib/lstm_land/uav_control.py, /home/leiyifei/land_ws/devel/lib/lstm_land/uav_control.py)
Linked: (/home/leiyifei/land_ws/devel/.private/lstm_land/lib/pkgconfig/lstm_land.pc, /home/leiyifei/land_ws/devel/lib/pkgconfig/lstm_land.pc)
